<?xml version="1.0" encoding="UTF-8"?>
<testng-results skipped="0" failed="0" ignored="0" total="1" passed="1">
  <reporter-output>
  </reporter-output>
  <suite name="Default suite" duration-ms="92897" started-at="2017-01-18T12:43:39Z" finished-at="2017-01-18T12:45:12Z">
    <groups>
    </groups>
    <test name="Default test" duration-ms="92897" started-at="2017-01-18T12:43:39Z" finished-at="2017-01-18T12:45:12Z">
      <class name="com.example.tests.TestStatus">
        <test-method status="PASS" signature="setUp()[pri:0, instance:com.example.tests.TestStatus@7f9a81e8]" name="setUp" is-config="true" duration-ms="28896" started-at="2017-01-18T18:13:39Z" finished-at="2017-01-18T18:14:08Z">
          <reporter-output>
          </reporter-output>
        </test-method> <!-- setUp -->
        <test-method status="PASS" signature="testStatus()[pri:0, instance:com.example.tests.TestStatus@7f9a81e8]" name="testStatus" duration-ms="63878" started-at="2017-01-18T18:14:08Z" finished-at="2017-01-18T18:15:12Z">
          <reporter-output>
          </reporter-output>
        </test-method> <!-- testStatus -->
        <test-method status="PASS" signature="tearDown()[pri:0, instance:com.example.tests.TestStatus@7f9a81e8]" name="tearDown" is-config="true" duration-ms="0" started-at="2017-01-18T18:15:12Z" finished-at="2017-01-18T18:15:12Z">
          <reporter-output>
          </reporter-output>
        </test-method> <!-- tearDown -->
      </class> <!-- com.example.tests.TestStatus -->
    </test> <!-- Default test -->
  </suite> <!-- Default suite -->
</testng-results>
